Deleted -_white.png
Deleted 0_white.png
Deleted 1_white.png
Deleted 2_white.png
Deleted 3_white.png
-_blue.png
-_blue.png done
-_blue.png done
0_blue.png
0_blue.png done
0_blue.png done
1_blue.png
1_blue.png done
1_blue.png done
2_blue.png
2_blue.png done
2_blue.png done
3_blue.png
3_blue.png done
3_blue.png done
4_blue.png
4_blue.png done
4_blue.png done
5_blue.png
5_blue.png done
5_blue.png done
6_blue.png
6_blue.png done
6_blue.png done
7_blue.png
7_blue.png done
7_blue.png done
8_blue.png
8_blue.png done
8_blue.png done
9_blue.png
9_blue.png done
9_blue.png done
A_blue.png
A_blue.png done
A_blue.png done
B_blue.png
B_blue.png done
B_blue.png done
C_blue.png
C_blue.png done
C_blue.png done
D_blue.png
D_blue.png done
D_blue.png done
E_blue.png
E_blue.png done
E_blue.png done
F_blue.png
F_blue.png done
F_blue.png done
G_blue.png
G_blue.png done
G_blue.png done
H_blue.png
H_blue.png done
H_blue.png done
I_blue.png
I_blue.png done
I_blue.png done
J_blue.png
J_blue.png done
J_blue.png done
K_blue.png
K_blue.png done
K_blue.png done
L_blue.png
L_blue.png done
L_blue.png done
M_blue.png
M_blue.png done
M_blue.png done
N_blue.png
N_blue.png done
N_blue.png done
O_blue.png
O_blue.png done
O_blue.png done
P_blue.png
P_blue.png done
P_blue.png done
Q_blue.png
Q_blue.png done
Q_blue.png done
R_blue.png
R_blue.png done
R_blue.png done
S_blue.png
S_blue.png done
S_blue.png done
T_blue.png
T_blue.png done
T_blue.png done
U_blue.png
U_blue.png done
U_blue.png done
V_blue.png
V_blue.png done
V_blue.png done
W_blue.png
W_blue.png done
W_blue.png done
X_blue.png
X_blue.png done
X_blue.png done
Y_blue.png
Y_blue.png done
Y_blue.png done
Z_blue.png
Z_blue.png done
Z_blue.png done
2 44
